2020-07-16 18:40:39,257 - D:\PycharmProjects\ownblog20200705\api2\api.py[line:48] - DEBUG: insert into users (name,password,email) values ('12423434432544533423','zxss321312jdy','173123123129@163.com')
2020-07-16 18:40:39,278 - D:\PycharmProjects\ownblog20200705\api2\api.py[line:68] - DEBUG: return:{'massage': '注册成功', 'status': '0000'}
2020-07-16 18:55:18,376 - D:\PycharmProjects\ownblog20200705\api2\api.py[line:57] - ERROR: (1062, "Duplicate entry '12423434432544533423' for key 'users_name_uindex'")
2020-07-16 18:55:18,376 - D:\PycharmProjects\ownblog20200705\api2\api.py[line:64] - DEBUG: Mysql execute sql:insert into users (name,password,email) values ('12423434432544533423','zxss321312jdy','173123123129@163.com'), cost time:-0.04503989219665527
2020-07-16 18:55:18,380 - D:\PycharmProjects\ownblog20200705\api2\api.py[line:73] - DEBUG: return:{'massage': '注册失败', 'status': '0003'}
2020-07-16 18:56:11,919 - D:\PycharmProjects\ownblog20200705\api2\api.py[line:56] - ERROR: (1062, "Duplicate entry '12423434432544533423' for key 'users_name_uindex'")
2020-07-16 18:56:11,919 - D:\PycharmProjects\ownblog20200705\api2\api.py[line:63] - DEBUG: Mysql execute sql:"insert into users (name,password,email) values ('12423434432544533423','zxss321312jdy','173123123129@163.com')", cost time:-0.03903460502624512
2020-07-16 18:56:11,919 - D:\PycharmProjects\ownblog20200705\api2\api.py[line:72] - DEBUG: return:{'massage': '注册失败', 'status': '0003'}
2020-07-16 19:17:20,297 - D:\PycharmProjects\ownblog20200705\api2\common.py[line:53] - DEBUG: 
seq:9400473798506628171 start
2020-07-16 19:17:20,297 - D:\PycharmProjects\ownblog20200705\api2\common.py[line:53] - DEBUG: 
seq:9400473798506628171 start
2020-07-16 19:18:35,790 - D:\PycharmProjects\ownblog20200705\api2\common.py[line:53] - DEBUG: 
seq:6318329174532976089 start
2020-07-16 19:18:35,790 - D:\PycharmProjects\ownblog20200705\api2\common.py[line:53] - DEBUG: 
seq:6318329174532976089 start
2020-07-16 19:23:45,456 - D:\PycharmProjects\ownblog20200705\api2\api.py[line:57] - ERROR: (1062, "Duplicate entry '12423434432544533423' for key 'users_name_uindex'")
2020-07-16 19:23:45,456 - D:\PycharmProjects\ownblog20200705\api2\api.py[line:57] - ERROR: (1062, "Duplicate entry '12423434432544533423' for key 'users_name_uindex'")
2020-07-16 19:23:45,457 - D:\PycharmProjects\ownblog20200705\api2\api.py[line:64] - DEBUG: Mysql execute sql:"insert into users (name,password,email) values ('12423434432544533423','zxss321312jdy','173123123129@163.com')", cost time:-0.04403853416442871
2020-07-16 19:23:45,457 - D:\PycharmProjects\ownblog20200705\api2\api.py[line:64] - DEBUG: Mysql execute sql:"insert into users (name,password,email) values ('12423434432544533423','zxss321312jdy','173123123129@163.com')", cost time:-0.04403853416442871
2020-07-16 19:23:45,457 - D:\PycharmProjects\ownblog20200705\api2\api.py[line:73] - DEBUG: return:{'massage': '注册失败', 'status': '0003'}
2020-07-16 19:23:45,457 - D:\PycharmProjects\ownblog20200705\api2\api.py[line:73] - DEBUG: return:{'massage': '注册失败', 'status': '0003'}
2020-07-16 19:25:01,065 - D:\PycharmProjects\ownblog20200705\api2\api.py[line:57] - ERROR: (1062, "Duplicate entry '12423434432544533423' for key 'users_name_uindex'")
2020-07-16 19:25:01,065 - D:\PycharmProjects\ownblog20200705\api2\api.py[line:57] - ERROR: (1062, "Duplicate entry '12423434432544533423' for key 'users_name_uindex'")
2020-07-16 19:25:01,065 - D:\PycharmProjects\ownblog20200705\api2\api.py[line:64] - DEBUG: Mysql execute sql:"insert into users (name,password,email) values ('12423434432544533423','zxss321312jdy','173123123129@163.com')", cost time:-0.04303765296936035
2020-07-16 19:25:01,065 - D:\PycharmProjects\ownblog20200705\api2\api.py[line:64] - DEBUG: Mysql execute sql:"insert into users (name,password,email) values ('12423434432544533423','zxss321312jdy','173123123129@163.com')", cost time:-0.04303765296936035
2020-07-16 19:25:01,065 - D:\PycharmProjects\ownblog20200705\api2\api.py[line:73] - DEBUG: return:{'massage': '注册失败', 'status': '0003'}
2020-07-16 19:25:01,065 - D:\PycharmProjects\ownblog20200705\api2\api.py[line:73] - DEBUG: return:{'massage': '注册失败', 'status': '0003'}
2020-07-16 19:25:27,742 - D:\PycharmProjects\ownblog20200705\api2\api.py[line:57] - ERROR: (1062, "Duplicate entry '12423434432544533423' for key 'users_name_uindex'")
2020-07-16 19:25:27,742 - D:\PycharmProjects\ownblog20200705\api2\api.py[line:57] - ERROR: (1062, "Duplicate entry '12423434432544533423' for key 'users_name_uindex'")
2020-07-16 19:25:27,742 - D:\PycharmProjects\ownblog20200705\api2\api.py[line:64] - DEBUG: Mysql execute sql:"insert into users (name,password,email) values ('12423434432544533423','zxss321312jdy','173123123129@163.com')", cost time:-0.044039011001586914
2020-07-16 19:25:27,742 - D:\PycharmProjects\ownblog20200705\api2\api.py[line:64] - DEBUG: Mysql execute sql:"insert into users (name,password,email) values ('12423434432544533423','zxss321312jdy','173123123129@163.com')", cost time:-0.044039011001586914
2020-07-16 19:25:27,743 - D:\PycharmProjects\ownblog20200705\api2\api.py[line:73] - DEBUG: return:{'massage': '注册失败', 'status': '0003'}
2020-07-16 19:25:27,743 - D:\PycharmProjects\ownblog20200705\api2\api.py[line:73] - DEBUG: return:{'massage': '注册失败', 'status': '0003'}
2020-07-16 19:26:54,757 - D:\PycharmProjects\ownblog20200705\api2\api.py[line:57] - ERROR: (1062, "Duplicate entry '12423434432544533423' for key 'users_name_uindex'")
2020-07-16 19:26:54,757 - D:\PycharmProjects\ownblog20200705\api2\api.py[line:57] - ERROR: (1062, "Duplicate entry '12423434432544533423' for key 'users_name_uindex'")
2020-07-16 19:26:54,757 - D:\PycharmProjects\ownblog20200705\api2\api.py[line:64] - DEBUG: Mysql execute sql:"insert into users (name,password,email) values ('12423434432544533423','zxss321312jdy','173123123129@163.com')", cost time:0.04403877258300781s
2020-07-16 19:26:54,757 - D:\PycharmProjects\ownblog20200705\api2\api.py[line:64] - DEBUG: Mysql execute sql:"insert into users (name,password,email) values ('12423434432544533423','zxss321312jdy','173123123129@163.com')", cost time:0.04403877258300781s
2020-07-16 19:26:54,757 - D:\PycharmProjects\ownblog20200705\api2\api.py[line:73] - DEBUG: return:{'massage': '注册失败', 'status': '0003'}
2020-07-16 19:26:54,757 - D:\PycharmProjects\ownblog20200705\api2\api.py[line:73] - DEBUG: return:{'massage': '注册失败', 'status': '0003'}
2020-07-16 19:28:48,352 - D:\PycharmProjects\ownblog20200705\api2\api.py[line:57] - ERROR: (1062, "Duplicate entry '12423434432544533423' for key 'users_name_uindex'")
2020-07-16 19:28:48,352 - D:\PycharmProjects\ownblog20200705\api2\api.py[line:57] - ERROR: (1062, "Duplicate entry '12423434432544533423' for key 'users_name_uindex'")
2020-07-16 19:28:48,353 - D:\PycharmProjects\ownblog20200705\api2\api.py[line:64] - DEBUG: Mysql execute sql:"insert into users (name,password,email) values ('12423434432544533423','zxss321312jdy','173123123129@163.com')", cost time:0.04303860664367676s
2020-07-16 19:28:48,353 - D:\PycharmProjects\ownblog20200705\api2\api.py[line:64] - DEBUG: Mysql execute sql:"insert into users (name,password,email) values ('12423434432544533423','zxss321312jdy','173123123129@163.com')", cost time:0.04303860664367676s
2020-07-16 19:28:48,353 - D:\PycharmProjects\ownblog20200705\api2\api.py[line:73] - DEBUG: return:{'massage': '注册失败', 'status': '0003'}
2020-07-16 19:28:48,353 - D:\PycharmProjects\ownblog20200705\api2\api.py[line:73] - DEBUG: return:{'massage': '注册失败', 'status': '0003'}
2020-07-16 19:30:07,294 - D:\PycharmProjects\ownblog20200705\api2\api.py[line:57] - ERROR: (1062, "Duplicate entry '12423434432544533423' for key 'users_name_uindex'")
2020-07-16 19:30:07,294 - D:\PycharmProjects\ownblog20200705\api2\api.py[line:57] - ERROR: (1062, "Duplicate entry '12423434432544533423' for key 'users_name_uindex'")
2020-07-16 19:30:07,294 - D:\PycharmProjects\ownblog20200705\api2\api.py[line:64] - DEBUG: Mysql execute sql:"insert into users (name,password,email) values ('12423434432544533423','zxss321312jdy','173123123129@163.com')", cost time:0.04103660583496094s
2020-07-16 19:30:07,294 - D:\PycharmProjects\ownblog20200705\api2\api.py[line:64] - DEBUG: Mysql execute sql:"insert into users (name,password,email) values ('12423434432544533423','zxss321312jdy','173123123129@163.com')", cost time:0.04103660583496094s
2020-07-16 19:30:07,294 - D:\PycharmProjects\ownblog20200705\api2\api.py[line:73] - DEBUG: return:{'massage': '注册失败', 'status': '0003'}
2020-07-16 19:30:07,294 - D:\PycharmProjects\ownblog20200705\api2\api.py[line:73] - DEBUG: return:{'massage': '注册失败', 'status': '0003'}
2020-07-16 19:32:32,848 - D:\PycharmProjects\ownblog20200705\api2\api.py[line:36] - DEBUG: request:{'username': '12423434432544533423', 'password': 'zxss321312jdy', 'email': '173123123129@163.com'}
2020-07-16 19:32:32,848 - D:\PycharmProjects\ownblog20200705\api2\api.py[line:36] - DEBUG: request:{'username': '12423434432544533423', 'password': 'zxss321312jdy', 'email': '173123123129@163.com'}
2020-07-16 19:32:32,894 - D:\PycharmProjects\ownblog20200705\api2\api.py[line:59] - ERROR: (1062, "Duplicate entry '12423434432544533423' for key 'users_name_uindex'")
2020-07-16 19:32:32,894 - D:\PycharmProjects\ownblog20200705\api2\api.py[line:59] - ERROR: (1062, "Duplicate entry '12423434432544533423' for key 'users_name_uindex'")
2020-07-16 19:32:32,894 - D:\PycharmProjects\ownblog20200705\api2\api.py[line:66] - DEBUG: Mysql execute sql:"insert into users (name,password,email) values ('12423434432544533423','zxss321312jdy','173123123129@163.com')", cost time:0.04604148864746094s
2020-07-16 19:32:32,894 - D:\PycharmProjects\ownblog20200705\api2\api.py[line:66] - DEBUG: Mysql execute sql:"insert into users (name,password,email) values ('12423434432544533423','zxss321312jdy','173123123129@163.com')", cost time:0.04604148864746094s
2020-07-16 19:32:32,895 - D:\PycharmProjects\ownblog20200705\api2\api.py[line:75] - DEBUG: return:{'massage': '注册失败', 'status': '0003'}
2020-07-16 19:32:32,895 - D:\PycharmProjects\ownblog20200705\api2\api.py[line:75] - DEBUG: return:{'massage': '注册失败', 'status': '0003'}
2020-07-16 19:37:23,821 - D:\PycharmProjects\ownblog20200705\api2\api.py[line:59] - ERROR: (1062, "Duplicate entry '12423434432544533423' for key 'users_name_uindex'")
2020-07-16 19:37:23,821 - D:\PycharmProjects\ownblog20200705\api2\api.py[line:59] - ERROR: (1062, "Duplicate entry '12423434432544533423' for key 'users_name_uindex'")
2020-07-16 20:44:03,707 - D:\PycharmProjects\ownblog20200705\api2\api.py[line:59] - ERROR: (1062, "Duplicate entry '12423434432544533423' for key 'users_name_uindex'")
2020-07-16 20:44:03,707 - D:\PycharmProjects\ownblog20200705\api2\api.py[line:59] - ERROR: (1062, "Duplicate entry '12423434432544533423' for key 'users_name_uindex'")
2020-07-16 20:51:19,312 - D:\PycharmProjects\ownblog20200705\api2\api.py[line:59] - ERROR: (1062, "Duplicate entry '12423434432544533423' for key 'users_name_uindex'")
2020-07-16 20:51:19,312 - D:\PycharmProjects\ownblog20200705\api2\api.py[line:59] - ERROR: (1062, "Duplicate entry '12423434432544533423' for key 'users_name_uindex'")
2020-07-16 20:52:11,766 - D:\PycharmProjects\ownblog20200705\api2\api.py[line:36] - DEBUG: request:{'username': '12423434432544533423', 'password': 'zxss321312jdy', 'email': '173123123129@163.com'}
2020-07-16 20:52:11,766 - D:\PycharmProjects\ownblog20200705\api2\api.py[line:36] - DEBUG: request:{'username': '12423434432544533423', 'password': 'zxss321312jdy', 'email': '173123123129@163.com'}
2020-07-16 20:52:11,815 - D:\PycharmProjects\ownblog20200705\api2\api.py[line:59] - ERROR: (1062, "Duplicate entry '12423434432544533423' for key 'users_name_uindex'")
2020-07-16 20:52:11,815 - D:\PycharmProjects\ownblog20200705\api2\api.py[line:59] - ERROR: (1062, "Duplicate entry '12423434432544533423' for key 'users_name_uindex'")
2020-07-16 20:52:11,816 - D:\PycharmProjects\ownblog20200705\api2\api.py[line:66] - DEBUG: Mysql execute sql:"insert into users (name,password,email) values ('12423434432544533423','zxss321312jdy','173123123129@163.com')", cost time:0.05004453659057617s
2020-07-16 20:52:11,816 - D:\PycharmProjects\ownblog20200705\api2\api.py[line:66] - DEBUG: Mysql execute sql:"insert into users (name,password,email) values ('12423434432544533423','zxss321312jdy','173123123129@163.com')", cost time:0.05004453659057617s
2020-07-16 20:52:11,816 - D:\PycharmProjects\ownblog20200705\api2\api.py[line:75] - DEBUG: return:{'massage': '注册失败', 'status': '0003'}
2020-07-16 20:52:11,816 - D:\PycharmProjects\ownblog20200705\api2\api.py[line:75] - DEBUG: return:{'massage': '注册失败', 'status': '0003'}
2020-07-16 20:53:04,153 - D:\PycharmProjects\ownblog20200705\api2\api.py[line:36] - DEBUG: request:{'username': '124234344325445454533423', 'password': 'zxss321312jdy', 'email': '173123123129@163.com'}
2020-07-16 20:53:04,153 - D:\PycharmProjects\ownblog20200705\api2\api.py[line:36] - DEBUG: request:{'username': '124234344325445454533423', 'password': 'zxss321312jdy', 'email': '173123123129@163.com'}
2020-07-16 20:53:04,207 - D:\PycharmProjects\ownblog20200705\api2\api.py[line:66] - DEBUG: Mysql execute sql:"insert into users (name,password,email) values ('124234344325445454533423','zxss321312jdy','173123123129@163.com')", cost time:0.05404782295227051s
2020-07-16 20:53:04,207 - D:\PycharmProjects\ownblog20200705\api2\api.py[line:66] - DEBUG: Mysql execute sql:"insert into users (name,password,email) values ('124234344325445454533423','zxss321312jdy','173123123129@163.com')", cost time:0.05404782295227051s
2020-07-16 20:53:04,208 - D:\PycharmProjects\ownblog20200705\api2\api.py[line:75] - DEBUG: return:{'massage': '注册成功', 'status': '0000'}
2020-07-16 20:53:04,208 - D:\PycharmProjects\ownblog20200705\api2\api.py[line:75] - DEBUG: return:{'massage': '注册成功', 'status': '0000'}
2020-07-16 20:58:03,941 - DEBUG: request:{'username': '124234344325445454533423', 'password': 'zxss321312jdy', 'email': '173123123129@163.com'}
2020-07-16 20:58:03,941 - DEBUG: request:{'username': '124234344325445454533423', 'password': 'zxss321312jdy', 'email': '173123123129@163.com'}
2020-07-16 20:58:03,988 - ERROR: (1062, "Duplicate entry '124234344325445454533423' for key 'users_name_uindex'")
2020-07-16 20:58:03,988 - ERROR: (1062, "Duplicate entry '124234344325445454533423' for key 'users_name_uindex'")
2020-07-16 20:58:03,988 - DEBUG: Mysql execute sql:"insert into users (name,password,email) values ('124234344325445454533423','zxss321312jdy','173123123129@163.com')", cost time:0.04604053497314453s
2020-07-16 20:58:03,988 - DEBUG: Mysql execute sql:"insert into users (name,password,email) values ('124234344325445454533423','zxss321312jdy','173123123129@163.com')", cost time:0.04604053497314453s
2020-07-16 20:58:03,988 - DEBUG: return:{'massage': '注册失败', 'status': '0003'}
2020-07-16 20:58:03,988 - DEBUG: return:{'massage': '注册失败', 'status': '0003'}
2020-07-16 21:01:57,188 - DEBUG: request:{'username': '124234344325445454533423', 'password': 'zxss321312jdy', 'email': '173123123129@163.com'}
2020-07-16 21:01:57,188 - DEBUG: request:{'username': '124234344325445454533423', 'password': 'zxss321312jdy', 'email': '173123123129@163.com'}
2020-07-16 21:01:57,232 - ERROR: (1062, "Duplicate entry '124234344325445454533423' for key 'users_name_uindex'")
2020-07-16 21:01:57,232 - ERROR: (1062, "Duplicate entry '124234344325445454533423' for key 'users_name_uindex'")
2020-07-16 21:01:57,232 - DEBUG: Mysql execute sql:"insert into users (name,password,email) values ('124234344325445454533423','zxss321312jdy','173123123129@163.com')", cost time:0.04403996467590332s
2020-07-16 21:01:57,232 - DEBUG: Mysql execute sql:"insert into users (name,password,email) values ('124234344325445454533423','zxss321312jdy','173123123129@163.com')", cost time:0.04403996467590332s
2020-07-16 21:01:57,233 - DEBUG: return:{'massage': '注册失败', 'status': '0003'}
2020-07-16 21:01:57,233 - DEBUG: return:{'massage': '注册失败', 'status': '0003'}
[2020-07-16 22:36:20,225] - [DEBUG]: request:{'username': '124234344325445454533423', 'password': 'zxss321312jdy', 'email': '173123123129@163.com'}
[2020-07-16 22:36:20,225] - [DEBUG]: request:{'username': '124234344325445454533423', 'password': 'zxss321312jdy', 'email': '173123123129@163.com'}
[2020-07-16 22:36:20,226] - [DEBUG]: select * from users where name='124234344325445454533423' and password='zxss321312jdy'
[2020-07-16 22:36:20,226] - [DEBUG]: select * from users where name='124234344325445454533423' and password='zxss321312jdy'
[2020-07-16 22:36:20,267] - [DEBUG]: Mysql execute sql:"select * from users where name='124234344325445454533423' and password='zxss321312jdy'", cost time:0.04103732109069824s
[2020-07-16 22:36:20,267] - [DEBUG]: Mysql execute sql:"select * from users where name='124234344325445454533423' and password='zxss321312jdy'", cost time:0.04103732109069824s
[2020-07-16 22:36:20,268] - [DEBUG]: return:{'status': '0000', 'massage': '登陆成功'}
[2020-07-16 22:36:20,268] - [DEBUG]: return:{'status': '0000', 'massage': '登陆成功'}
[2020-07-16 22:36:27,551] - [DEBUG]: request:{'username': 'eqweqwe', 'password': 'zxss321312jdy', 'email': '173123123129@163.com'}
[2020-07-16 22:36:27,551] - [DEBUG]: request:{'username': 'eqweqwe', 'password': 'zxss321312jdy', 'email': '173123123129@163.com'}
[2020-07-16 22:36:27,551] - [DEBUG]: select * from users where name='eqweqwe' and password='zxss321312jdy'
[2020-07-16 22:36:27,551] - [DEBUG]: select * from users where name='eqweqwe' and password='zxss321312jdy'
[2020-07-16 22:36:27,592] - [DEBUG]: Mysql execute sql:"select * from users where name='eqweqwe' and password='zxss321312jdy'", cost time:0.041036128997802734s
[2020-07-16 22:36:27,592] - [DEBUG]: Mysql execute sql:"select * from users where name='eqweqwe' and password='zxss321312jdy'", cost time:0.041036128997802734s
[2020-07-16 22:36:27,592] - [DEBUG]: return:{'status': '0000', 'massage': '登陆成功'}
[2020-07-16 22:36:27,592] - [DEBUG]: return:{'status': '0000', 'massage': '登陆成功'}
[2020-07-16 22:36:32,924] - [DEBUG]: request:{'username': 'qe42asda', 'password': 'zxss321312jdy', 'email': '173123123129@163.com'}
[2020-07-16 22:36:32,924] - [DEBUG]: request:{'username': 'qe42asda', 'password': 'zxss321312jdy', 'email': '173123123129@163.com'}
[2020-07-16 22:36:32,924] - [DEBUG]: select * from users where name='qe42asda' and password='zxss321312jdy'
[2020-07-16 22:36:32,924] - [DEBUG]: select * from users where name='qe42asda' and password='zxss321312jdy'
[2020-07-16 22:36:32,969] - [DEBUG]: Mysql execute sql:"select * from users where name='qe42asda' and password='zxss321312jdy'", cost time:0.04403877258300781s
[2020-07-16 22:36:32,969] - [DEBUG]: Mysql execute sql:"select * from users where name='qe42asda' and password='zxss321312jdy'", cost time:0.04403877258300781s
[2020-07-16 22:36:32,969] - [DEBUG]: return:{'status': '0000', 'massage': '登陆成功'}
[2020-07-16 22:36:32,969] - [DEBUG]: return:{'status': '0000', 'massage': '登陆成功'}
[2020-07-16 22:37:50,944] - [DEBUG]: request:{'username': 'qe42asda', 'password': 'zxss321312jdy', 'email': '173123123129@163.com'}
[2020-07-16 22:37:50,944] - [DEBUG]: request:{'username': 'qe42asda', 'password': 'zxss321312jdy', 'email': '173123123129@163.com'}
[2020-07-16 22:37:50,945] - [DEBUG]: select * from users where name='qe42asda' and password='zxss321312jdy'
[2020-07-16 22:37:50,945] - [DEBUG]: select * from users where name='qe42asda' and password='zxss321312jdy'
[2020-07-16 22:37:50,991] - [DEBUG]: Mysql execute sql:"select * from users where name='qe42asda' and password='zxss321312jdy'", cost time:0.0460667610168457s
[2020-07-16 22:37:50,991] - [DEBUG]: Mysql execute sql:"select * from users where name='qe42asda' and password='zxss321312jdy'", cost time:0.0460667610168457s
[2020-07-16 22:37:50,991] - [DEBUG]: return:{'status': '0003', 'massage': '登陆失败'}
[2020-07-16 22:37:50,991] - [DEBUG]: return:{'status': '0003', 'massage': '登陆失败'}
[2020-07-16 22:37:54,570] - [DEBUG]: request:{'username': 'qe42asda', 'password': 'zxss321312jdy', 'email': '173123123129@163.com'}
[2020-07-16 22:37:54,570] - [DEBUG]: request:{'username': 'qe42asda', 'password': 'zxss321312jdy', 'email': '173123123129@163.com'}
[2020-07-16 22:37:54,570] - [DEBUG]: select * from users where name='qe42asda' and password='zxss321312jdy'
[2020-07-16 22:37:54,570] - [DEBUG]: select * from users where name='qe42asda' and password='zxss321312jdy'
[2020-07-16 22:37:54,612] - [DEBUG]: Mysql execute sql:"select * from users where name='qe42asda' and password='zxss321312jdy'", cost time:0.04203653335571289s
[2020-07-16 22:37:54,612] - [DEBUG]: Mysql execute sql:"select * from users where name='qe42asda' and password='zxss321312jdy'", cost time:0.04203653335571289s
[2020-07-16 22:37:54,612] - [DEBUG]: return:{'status': '0003', 'massage': '登陆失败'}
[2020-07-16 22:37:54,612] - [DEBUG]: return:{'status': '0003', 'massage': '登陆失败'}
[2020-07-16 22:38:32,714] - [DEBUG]: request:{'username': '124233QERWREeweqw324E423', 'password': '4534534'}
[2020-07-16 22:38:32,714] - [DEBUG]: request:{'username': '124233QERWREeweqw324E423', 'password': '4534534'}
[2020-07-16 22:38:32,715] - [DEBUG]: select * from users where name='124233QERWREeweqw324E423' and password='4534534'
[2020-07-16 22:38:32,715] - [DEBUG]: select * from users where name='124233QERWREeweqw324E423' and password='4534534'
[2020-07-16 22:38:32,762] - [DEBUG]: Mysql execute sql:"select * from users where name='124233QERWREeweqw324E423' and password='4534534'", cost time:0.04704141616821289s
[2020-07-16 22:38:32,762] - [DEBUG]: Mysql execute sql:"select * from users where name='124233QERWREeweqw324E423' and password='4534534'", cost time:0.04704141616821289s
[2020-07-16 22:38:32,762] - [DEBUG]: return:{'status': '0000', 'massage': '登陆成功'}
[2020-07-16 22:38:32,762] - [DEBUG]: return:{'status': '0000', 'massage': '登陆成功'}
[2020-07-16 22:38:38,173] - [DEBUG]: request:{'username': '124233QERWREeweqw324E4231', 'password': '4534534'}
[2020-07-16 22:38:38,173] - [DEBUG]: request:{'username': '124233QERWREeweqw324E4231', 'password': '4534534'}
[2020-07-16 22:38:38,173] - [DEBUG]: select * from users where name='124233QERWREeweqw324E4231' and password='4534534'
[2020-07-16 22:38:38,173] - [DEBUG]: select * from users where name='124233QERWREeweqw324E4231' and password='4534534'
[2020-07-16 22:38:38,215] - [DEBUG]: Mysql execute sql:"select * from users where name='124233QERWREeweqw324E4231' and password='4534534'", cost time:0.04203653335571289s
[2020-07-16 22:38:38,215] - [DEBUG]: Mysql execute sql:"select * from users where name='124233QERWREeweqw324E4231' and password='4534534'", cost time:0.04203653335571289s
[2020-07-16 22:38:38,215] - [DEBUG]: return:{'status': '0003', 'massage': '登陆失败'}
[2020-07-16 22:38:38,215] - [DEBUG]: return:{'status': '0003', 'massage': '登陆失败'}
